[debug] [2024-06-23T21:30:51.129Z] ----------------------------------------------------------------------
[debug] [2024-06-23T21:30:51.136Z] Command:       C:\Program Files\nodejs\node.exe C:\Users\patob\AppData\Roaming\npm\node_modules\firebase-tools\lib\bin\firebase.js init
[debug] [2024-06-23T21:30:51.138Z] CLI Version:   13.11.4
[debug] [2024-06-23T21:30:51.138Z] Platform:      win32
[debug] [2024-06-23T21:30:51.138Z] Node Version:  v20.11.0
[debug] [2024-06-23T21:30:51.139Z] Time:          Sun Jun 23 2024 18:30:51 GMT-0300 (hora estándar de Argentina)
[debug] [2024-06-23T21:30:51.139Z] ----------------------------------------------------------------------
[debug] 
[debug] [2024-06-23T21:30:51.339Z] > command requires scopes: ["email","openid","https://www.googleapis.com/auth/cloudplatformprojects.readonly","https://www.googleapis.com/auth/firebase","https://www.googleapis.com/auth/cloud-platform"]
[debug] [2024-06-23T21:30:51.340Z] > authorizing via signed-in user (patobsirena@gmail.com)
[info] 
     ######## #### ########  ######## ########     ###     ######  ########
     ##        ##  ##     ## ##       ##     ##  ##   ##  ##       ##
     ######    ##  ########  ######   ########  #########  ######  ######
     ##        ##  ##    ##  ##       ##     ## ##     ##       ## ##
     ##       #### ##     ## ######## ########  ##     ##  ######  ########

You're about to initialize a Firebase project in this directory:

  C:\Users\patob\OneDrive\Documentos\GitHub\Brunis

Before we get started, keep in mind:

  * You are initializing within an existing Firebase project directory

[info] 
=== Project Setup
[info] 
[info] First, let's associate this project directory with a Firebase project.
[info] You can create multiple project aliases by running firebase use --add, 
[info] but for now we'll just set up a default project.
[info] 
[debug] [2024-06-23T21:32:52.243Z] Using project from CLI flag: brunis-tsps
[debug] [2024-06-23T21:32:52.251Z] >>> [apiv2][query] GET https://firebase.googleapis.com/v1beta1/projects/brunis-tsps [none]
[debug] [2024-06-23T21:32:53.087Z] <<< [apiv2][status] GET https://firebase.googleapis.com/v1beta1/projects/brunis-tsps 403
[debug] [2024-06-23T21:32:53.087Z] <<< [apiv2][body] GET https://firebase.googleapis.com/v1beta1/projects/brunis-tsps {"error":{"code":403,"message":"The caller does not have permission","status":"PERMISSION_DENIED"}}
[debug] [2024-06-23T21:32:53.089Z] HTTP Error: 403, The caller does not have permission
[debug] [2024-06-23T21:32:53.255Z] FirebaseError: HTTP Error: 403, The caller does not have permission
    at responseToError (C:\Users\patob\AppData\Roaming\npm\node_modules\firebase-tools\lib\responseToError.js:49:12)
    at RetryOperation._fn (C:\Users\patob\AppData\Roaming\npm\node_modules\firebase-tools\lib\apiv2.js:305:77)
    at process.processTicksAndRejections (node:internal/process/task_queues:95:5)
[error] 
[error] Error: Failed to get Firebase project brunis-tsps. Please make sure the project exists and your account has permission to access it.
